<?xml version="1.0" encoding="UTF-8"?>
<testng-results ignored="0" total="19" passed="9" failed="10" skipped="0">
  <reporter-output>
  </reporter-output>
  <suite started-at="2024-12-22T18:05:40 EST" name="Default suite" finished-at="2024-12-22T18:10:25 EST" duration-ms="285295">
    <groups>
    </groups>
    <test started-at="2024-12-22T18:05:40 EST" name="Default test" finished-at="2024-12-22T18:10:25 EST" duration-ms="285295">
      <class name="com.tests.A_ZScrapedRecipesLFV">
        <test-method is-config="true" signature="main1()[pri:0, instance:com.tests.A_ZScrapedRecipesLFV@5745ca0e]" started-at="2024-12-22T18:05:28 EST" name="main1" finished-at="2024-12-22T18:05:40 EST" duration-ms="11517" status="PASS">
          <reporter-output>
          </reporter-output>
        </test-method> <!-- main1 -->
        <test-method signature="clickAlphabetLink(java.lang.String)[pri:0, instance:com.tests.A_ZScrapedRecipesLFV@5745ca0e]" started-at="2024-12-22T18:05:40 EST" name="clickAlphabetLink" data-provider="alphabetDataProvider" finished-at="2024-12-22T18:10:17 EST" duration-ms="277734" status="PASS">
          <params>
            <param index="0">
              <value>
                <![CDATA[A]]>
              </value>
            </param>
          </params>
          <reporter-output>
          </reporter-output>
        </test-method> <!-- clickAlphabetLink -->
        <test-method signature="clickAlphabetLink(java.lang.String)[pri:0, instance:com.tests.A_ZScrapedRecipesLFV@5745ca0e]" started-at="2024-12-22T18:05:40 EST" name="clickAlphabetLink" data-provider="alphabetDataProvider" finished-at="2024-12-22T18:09:54 EST" duration-ms="254842" status="PASS">
          <params>
            <param index="0">
              <value>
                <![CDATA[C]]>
              </value>
            </param>
          </params>
          <reporter-output>
          </reporter-output>
        </test-method> <!-- clickAlphabetLink -->
        <test-method signature="clickAlphabetLink(java.lang.String)[pri:0, instance:com.tests.A_ZScrapedRecipesLFV@5745ca0e]" started-at="2024-12-22T18:05:40 EST" name="clickAlphabetLink" data-provider="alphabetDataProvider" finished-at="2024-12-22T18:10:03 EST" duration-ms="263371" status="PASS">
          <params>
            <param index="0">
              <value>
                <![CDATA[B]]>
              </value>
            </param>
          </params>
          <reporter-output>
          </reporter-output>
        </test-method> <!-- clickAlphabetLink -->
        <test-method signature="clickAlphabetLink(java.lang.String)[pri:0, instance:com.tests.A_ZScrapedRecipesLFV@5745ca0e]" started-at="2024-12-22T18:05:40 EST" name="clickAlphabetLink" data-provider="alphabetDataProvider" finished-at="2024-12-22T18:10:25 EST" duration-ms="285097" status="PASS">
          <params>
            <param index="0">
              <value>
                <![CDATA[D]]>
              </value>
            </param>
          </params>
          <reporter-output>
          </reporter-output>
        </test-method> <!-- clickAlphabetLink -->
        <test-method signature="clickAlphabetLink(java.lang.String)[pri:0, instance:com.tests.A_ZScrapedRecipesLFV@5745ca0e]" started-at="2024-12-22T18:05:40 EST" name="clickAlphabetLink" data-provider="alphabetDataProvider" finished-at="2024-12-22T18:09:55 EST" duration-ms="255502" status="PASS">
          <params>
            <param index="0">
              <value>
                <![CDATA[E]]>
              </value>
            </param>
          </params>
          <reporter-output>
          </reporter-output>
        </test-method> <!-- clickAlphabetLink -->
        <test-method signature="clickAlphabetLink(java.lang.String)[pri:0, instance:com.tests.A_ZScrapedRecipesLFV@5745ca0e]" started-at="2024-12-22T18:05:40 EST" name="clickAlphabetLink" data-provider="alphabetDataProvider" finished-at="2024-12-22T18:09:36 EST" duration-ms="236278" status="PASS">
          <params>
            <param index="0">
              <value>
                <![CDATA[F]]>
              </value>
            </param>
          </params>
          <reporter-output>
          </reporter-output>
        </test-method> <!-- clickAlphabetLink -->
        <test-method signature="clickAlphabetLink(java.lang.String)[pri:0, instance:com.tests.A_ZScrapedRecipesLFV@5745ca0e]" started-at="2024-12-22T18:05:40 EST" name="clickAlphabetLink" data-provider="alphabetDataProvider" finished-at="2024-12-22T18:10:17 EST" duration-ms="277644" status="PASS">
          <params>
            <param index="0">
              <value>
                <![CDATA[J]]>
              </value>
            </param>
          </params>
          <reporter-output>
          </reporter-output>
        </test-method> <!-- clickAlphabetLink -->
        <test-method signature="clickAlphabetLink(java.lang.String)[pri:0, instance:com.tests.A_ZScrapedRecipesLFV@5745ca0e]" started-at="2024-12-22T18:05:40 EST" name="clickAlphabetLink" data-provider="alphabetDataProvider" finished-at="2024-12-22T18:05:51 EST" duration-ms="11393" status="FAIL">
          <params>
            <param index="0">
              <value>
                <![CDATA[G]]>
              </value>
            </param>
          </params>
          <exception class="java.lang.RuntimeException">
            <message>
              <![CDATA[Configuration.properties not found at ./src/test/resources/Global.properties]]>
            </message>
            <full-stacktrace>
              <![CDATA[java.lang.RuntimeException: Configuration.properties not found at ./src/test/resources/Global.properties
at com.utilities.PropertyFileReader.getGlobalValue(PropertyFileReader.java:25)
at com.baseclass.BaseTest.openWebsite(BaseTest.java:39)
at com.baseclass.BaseTest.browsersetup(BaseTest.java:27)
at com.baseclass.BaseTest.getDriver(BaseTest.java:32)
at com.tests.A_ZScrapedRecipesLFV.waitForElementToBeClickable(A_ZScrapedRecipesLFV.java:73)
at com.tests.A_ZScrapedRecipesLFV.clickAlphabetLink(A_ZScrapedRecipesLFV.java:57)
at java.base/jdk.internal.reflect.NativeMethodAccessorImpl.invoke0(Native Method)
at java.base/jdk.internal.reflect.NativeMethodAccessorImpl.invoke(NativeMethodAccessorImpl.java:77)
at java.base/jdk.internal.reflect.DelegatingMethodAccessorImpl.invoke(DelegatingMethodAccessorImpl.java:43)
at java.base/java.lang.reflect.Method.invoke(Method.java:568)
at org.testng.internal.invokers.MethodInvocationHelper.invokeMethod(MethodInvocationHelper.java:141)
at org.testng.internal.invokers.TestInvoker.invokeMethod(TestInvoker.java:686)
at org.testng.internal.invokers.TestInvoker.invokeTestMethod(TestInvoker.java:230)
at org.testng.internal.invokers.TestMethodWithDataProviderMethodWorker.call(TestMethodWithDataProviderMethodWorker.java:81)
at org.testng.internal.thread.Async$AsyncTask.run(Async.java:34)
at java.base/java.util.concurrent.ThreadPoolExecutor.runWorker(ThreadPoolExecutor.java:1136)
at java.base/java.util.concurrent.ThreadPoolExecutor$Worker.run(ThreadPoolExecutor.java:635)
at java.base/java.lang.Thread.run(Thread.java:840)
]]>
            </full-stacktrace>
          </exception> <!-- java.lang.RuntimeException -->
          <reporter-output>
          </reporter-output>
        </test-method> <!-- clickAlphabetLink -->
        <test-method signature="clickAlphabetLink(java.lang.String)[pri:0, instance:com.tests.A_ZScrapedRecipesLFV@5745ca0e]" started-at="2024-12-22T18:05:40 EST" name="clickAlphabetLink" data-provider="alphabetDataProvider" finished-at="2024-12-22T18:09:56 EST" duration-ms="256118" status="PASS">
          <params>
            <param index="0">
              <value>
                <![CDATA[H]]>
              </value>
            </param>
          </params>
          <reporter-output>
          </reporter-output>
        </test-method> <!-- clickAlphabetLink -->
        <test-method signature="clickAlphabetLink(java.lang.String)[pri:0, instance:com.tests.A_ZScrapedRecipesLFV@5745ca0e]" started-at="2024-12-22T18:05:40 EST" name="clickAlphabetLink" data-provider="alphabetDataProvider" finished-at="2024-12-22T18:10:10 EST" duration-ms="270651" status="PASS">
          <params>
            <param index="0">
              <value>
                <![CDATA[I]]>
              </value>
            </param>
          </params>
          <reporter-output>
          </reporter-output>
        </test-method> <!-- clickAlphabetLink -->
        <test-method signature="clickAlphabetLink(java.lang.String)[pri:0, instance:com.tests.A_ZScrapedRecipesLFV@5745ca0e]" started-at="2024-12-22T18:05:51 EST" name="clickAlphabetLink" data-provider="alphabetDataProvider" finished-at="2024-12-22T18:06:24 EST" duration-ms="32651" status="FAIL">
          <params>
            <param index="0">
              <value>
                <![CDATA[K]]>
              </value>
            </param>
          </params>
          <exception class="org.openqa.selenium.TimeoutException">
            <message>
              <![CDATA[Expected condition failed: waiting for element to be clickable: By.xpath: //a[text()='K'] (tried for 30 second(s) with 5000 milliseconds interval)
Build info: version: '4.22.0', revision: 'c5f3146703*'
System info: os.name: 'Windows 11', os.arch: 'amd64', os.version: '10.0', java.version: '17.0.10'
Driver info: driver.version: unknown]]>
            </message>
            <full-stacktrace>
              <![CDATA[org.openqa.selenium.TimeoutException: Expected condition failed: waiting for element to be clickable: By.xpath: //a[text()='K'] (tried for 30 second(s) with 5000 milliseconds interval)
Build info: version: '4.22.0', revision: 'c5f3146703*'
System info: os.name: 'Windows 11', os.arch: 'amd64', os.version: '10.0', java.version: '17.0.10'
Driver info: driver.version: unknown
at org.openqa.selenium.support.ui.FluentWait.timeoutException(FluentWait.java:265)
at org.openqa.selenium.support.ui.FluentWait.until(FluentWait.java:228)
at com.tests.A_ZScrapedRecipesLFV.waitForElementToBeClickable(A_ZScrapedRecipesLFV.java:76)
at com.tests.A_ZScrapedRecipesLFV.clickAlphabetLink(A_ZScrapedRecipesLFV.java:57)
at java.base/jdk.internal.reflect.NativeMethodAccessorImpl.invoke0(Native Method)
at java.base/jdk.internal.reflect.NativeMethodAccessorImpl.invoke(NativeMethodAccessorImpl.java:77)
at java.base/jdk.internal.reflect.DelegatingMethodAccessorImpl.invoke(DelegatingMethodAccessorImpl.java:43)
at java.base/java.lang.reflect.Method.invoke(Method.java:568)
at org.testng.internal.invokers.MethodInvocationHelper.invokeMethod(MethodInvocationHelper.java:141)
at org.testng.internal.invokers.TestInvoker.invokeMethod(TestInvoker.java:686)
at org.testng.internal.invokers.TestInvoker.invokeTestMethod(TestInvoker.java:230)
at org.testng.internal.invokers.TestMethodWithDataProviderMethodWorker.call(TestMethodWithDataProviderMethodWorker.java:81)
at org.testng.internal.thread.Async$AsyncTask.run(Async.java:34)
at java.base/java.util.concurrent.ThreadPoolExecutor.runWorker(ThreadPoolExecutor.java:1136)
at java.base/java.util.concurrent.ThreadPoolExecutor$Worker.run(ThreadPoolExecutor.java:635)
at java.base/java.lang.Thread.run(Thread.java:840)
]]>
            </full-stacktrace>
          </exception> <!-- org.openqa.selenium.TimeoutException -->
          <reporter-output>
          </reporter-output>
        </test-method> <!-- clickAlphabetLink -->
        <test-method signature="clickAlphabetLink(java.lang.String)[pri:0, instance:com.tests.A_ZScrapedRecipesLFV@5745ca0e]" started-at="2024-12-22T18:06:24 EST" name="clickAlphabetLink" data-provider="alphabetDataProvider" finished-at="2024-12-22T18:06:57 EST" duration-ms="32892" status="FAIL">
          <params>
            <param index="0">
              <value>
                <![CDATA[L]]>
              </value>
            </param>
          </params>
          <exception class="org.openqa.selenium.TimeoutException">
            <message>
              <![CDATA[Expected condition failed: waiting for element to be clickable: By.xpath: //a[text()='L'] (tried for 30 second(s) with 5000 milliseconds interval)
Build info: version: '4.22.0', revision: 'c5f3146703*'
System info: os.name: 'Windows 11', os.arch: 'amd64', os.version: '10.0', java.version: '17.0.10'
Driver info: driver.version: unknown]]>
            </message>
            <full-stacktrace>
              <![CDATA[org.openqa.selenium.TimeoutException: Expected condition failed: waiting for element to be clickable: By.xpath: //a[text()='L'] (tried for 30 second(s) with 5000 milliseconds interval)
Build info: version: '4.22.0', revision: 'c5f3146703*'
System info: os.name: 'Windows 11', os.arch: 'amd64', os.version: '10.0', java.version: '17.0.10'
Driver info: driver.version: unknown
at org.openqa.selenium.support.ui.FluentWait.timeoutException(FluentWait.java:265)
at org.openqa.selenium.support.ui.FluentWait.until(FluentWait.java:228)
at com.tests.A_ZScrapedRecipesLFV.waitForElementToBeClickable(A_ZScrapedRecipesLFV.java:76)
at com.tests.A_ZScrapedRecipesLFV.clickAlphabetLink(A_ZScrapedRecipesLFV.java:57)
at java.base/jdk.internal.reflect.NativeMethodAccessorImpl.invoke0(Native Method)
at java.base/jdk.internal.reflect.NativeMethodAccessorImpl.invoke(NativeMethodAccessorImpl.java:77)
at java.base/jdk.internal.reflect.DelegatingMethodAccessorImpl.invoke(DelegatingMethodAccessorImpl.java:43)
at java.base/java.lang.reflect.Method.invoke(Method.java:568)
at org.testng.internal.invokers.MethodInvocationHelper.invokeMethod(MethodInvocationHelper.java:141)
at org.testng.internal.invokers.TestInvoker.invokeMethod(TestInvoker.java:686)
at org.testng.internal.invokers.TestInvoker.invokeTestMethod(TestInvoker.java:230)
at org.testng.internal.invokers.TestMethodWithDataProviderMethodWorker.call(TestMethodWithDataProviderMethodWorker.java:81)
at org.testng.internal.thread.Async$AsyncTask.run(Async.java:34)
at java.base/java.util.concurrent.ThreadPoolExecutor.runWorker(ThreadPoolExecutor.java:1136)
at java.base/java.util.concurrent.ThreadPoolExecutor$Worker.run(ThreadPoolExecutor.java:635)
at java.base/java.lang.Thread.run(Thread.java:840)
]]>
            </full-stacktrace>
          </exception> <!-- org.openqa.selenium.TimeoutException -->
          <reporter-output>
          </reporter-output>
        </test-method> <!-- clickAlphabetLink -->
        <test-method signature="clickAlphabetLink(java.lang.String)[pri:0, instance:com.tests.A_ZScrapedRecipesLFV@5745ca0e]" started-at="2024-12-22T18:06:57 EST" name="clickAlphabetLink" data-provider="alphabetDataProvider" finished-at="2024-12-22T18:07:29 EST" duration-ms="32367" status="FAIL">
          <params>
            <param index="0">
              <value>
                <![CDATA[M]]>
              </value>
            </param>
          </params>
          <exception class="org.openqa.selenium.TimeoutException">
            <message>
              <![CDATA[Expected condition failed: waiting for element to be clickable: By.xpath: //a[text()='M'] (tried for 30 second(s) with 5000 milliseconds interval)
Build info: version: '4.22.0', revision: 'c5f3146703*'
System info: os.name: 'Windows 11', os.arch: 'amd64', os.version: '10.0', java.version: '17.0.10'
Driver info: driver.version: unknown]]>
            </message>
            <full-stacktrace>
              <![CDATA[org.openqa.selenium.TimeoutException: Expected condition failed: waiting for element to be clickable: By.xpath: //a[text()='M'] (tried for 30 second(s) with 5000 milliseconds interval)
Build info: version: '4.22.0', revision: 'c5f3146703*'
System info: os.name: 'Windows 11', os.arch: 'amd64', os.version: '10.0', java.version: '17.0.10'
Driver info: driver.version: unknown
at org.openqa.selenium.support.ui.FluentWait.timeoutException(FluentWait.java:265)
at org.openqa.selenium.support.ui.FluentWait.until(FluentWait.java:228)
at com.tests.A_ZScrapedRecipesLFV.waitForElementToBeClickable(A_ZScrapedRecipesLFV.java:76)
at com.tests.A_ZScrapedRecipesLFV.clickAlphabetLink(A_ZScrapedRecipesLFV.java:57)
at java.base/jdk.internal.reflect.NativeMethodAccessorImpl.invoke0(Native Method)
at java.base/jdk.internal.reflect.NativeMethodAccessorImpl.invoke(NativeMethodAccessorImpl.java:77)
at java.base/jdk.internal.reflect.DelegatingMethodAccessorImpl.invoke(DelegatingMethodAccessorImpl.java:43)
at java.base/java.lang.reflect.Method.invoke(Method.java:568)
at org.testng.internal.invokers.MethodInvocationHelper.invokeMethod(MethodInvocationHelper.java:141)
at org.testng.internal.invokers.TestInvoker.invokeMethod(TestInvoker.java:686)
at org.testng.internal.invokers.TestInvoker.invokeTestMethod(TestInvoker.java:230)
at org.testng.internal.invokers.TestMethodWithDataProviderMethodWorker.call(TestMethodWithDataProviderMethodWorker.java:81)
at org.testng.internal.thread.Async$AsyncTask.run(Async.java:34)
at java.base/java.util.concurrent.ThreadPoolExecutor.runWorker(ThreadPoolExecutor.java:1136)
at java.base/java.util.concurrent.ThreadPoolExecutor$Worker.run(ThreadPoolExecutor.java:635)
at java.base/java.lang.Thread.run(Thread.java:840)
]]>
            </full-stacktrace>
          </exception> <!-- org.openqa.selenium.TimeoutException -->
          <reporter-output>
          </reporter-output>
        </test-method> <!-- clickAlphabetLink -->
        <test-method signature="clickAlphabetLink(java.lang.String)[pri:0, instance:com.tests.A_ZScrapedRecipesLFV@5745ca0e]" started-at="2024-12-22T18:07:30 EST" name="clickAlphabetLink" data-provider="alphabetDataProvider" finished-at="2024-12-22T18:08:01 EST" duration-ms="30836" status="FAIL">
          <params>
            <param index="0">
              <value>
                <![CDATA[N]]>
              </value>
            </param>
          </params>
          <exception class="org.openqa.selenium.TimeoutException">
            <message>
              <![CDATA[Expected condition failed: waiting for element to be clickable: By.xpath: //a[text()='N'] (tried for 30 second(s) with 5000 milliseconds interval)
Build info: version: '4.22.0', revision: 'c5f3146703*'
System info: os.name: 'Windows 11', os.arch: 'amd64', os.version: '10.0', java.version: '17.0.10'
Driver info: driver.version: unknown]]>
            </message>
            <full-stacktrace>
              <![CDATA[org.openqa.selenium.TimeoutException: Expected condition failed: waiting for element to be clickable: By.xpath: //a[text()='N'] (tried for 30 second(s) with 5000 milliseconds interval)
Build info: version: '4.22.0', revision: 'c5f3146703*'
System info: os.name: 'Windows 11', os.arch: 'amd64', os.version: '10.0', java.version: '17.0.10'
Driver info: driver.version: unknown
at org.openqa.selenium.support.ui.FluentWait.timeoutException(FluentWait.java:265)
at org.openqa.selenium.support.ui.FluentWait.until(FluentWait.java:228)
at com.tests.A_ZScrapedRecipesLFV.waitForElementToBeClickable(A_ZScrapedRecipesLFV.java:76)
at com.tests.A_ZScrapedRecipesLFV.clickAlphabetLink(A_ZScrapedRecipesLFV.java:57)
at java.base/jdk.internal.reflect.NativeMethodAccessorImpl.invoke0(Native Method)
at java.base/jdk.internal.reflect.NativeMethodAccessorImpl.invoke(NativeMethodAccessorImpl.java:77)
at java.base/jdk.internal.reflect.DelegatingMethodAccessorImpl.invoke(DelegatingMethodAccessorImpl.java:43)
at java.base/java.lang.reflect.Method.invoke(Method.java:568)
at org.testng.internal.invokers.MethodInvocationHelper.invokeMethod(MethodInvocationHelper.java:141)
at org.testng.internal.invokers.TestInvoker.invokeMethod(TestInvoker.java:686)
at org.testng.internal.invokers.TestInvoker.invokeTestMethod(TestInvoker.java:230)
at org.testng.internal.invokers.TestMethodWithDataProviderMethodWorker.call(TestMethodWithDataProviderMethodWorker.java:81)
at org.testng.internal.thread.Async$AsyncTask.run(Async.java:34)
at java.base/java.util.concurrent.ThreadPoolExecutor.runWorker(ThreadPoolExecutor.java:1136)
at java.base/java.util.concurrent.ThreadPoolExecutor$Worker.run(ThreadPoolExecutor.java:635)
at java.base/java.lang.Thread.run(Thread.java:840)
]]>
            </full-stacktrace>
          </exception> <!-- org.openqa.selenium.TimeoutException -->
          <reporter-output>
          </reporter-output>
        </test-method> <!-- clickAlphabetLink -->
        <test-method signature="clickAlphabetLink(java.lang.String)[pri:0, instance:com.tests.A_ZScrapedRecipesLFV@5745ca0e]" started-at="2024-12-22T18:08:01 EST" name="clickAlphabetLink" data-provider="alphabetDataProvider" finished-at="2024-12-22T18:08:36 EST" duration-ms="35269" status="FAIL">
          <params>
            <param index="0">
              <value>
                <![CDATA[O]]>
              </value>
            </param>
          </params>
          <exception class="org.openqa.selenium.TimeoutException">
            <message>
              <![CDATA[Expected condition failed: waiting for element to be clickable: By.xpath: //a[text()='O'] (tried for 30 second(s) with 5000 milliseconds interval)
Build info: version: '4.22.0', revision: 'c5f3146703*'
System info: os.name: 'Windows 11', os.arch: 'amd64', os.version: '10.0', java.version: '17.0.10'
Driver info: driver.version: unknown]]>
            </message>
            <full-stacktrace>
              <![CDATA[org.openqa.selenium.TimeoutException: Expected condition failed: waiting for element to be clickable: By.xpath: //a[text()='O'] (tried for 30 second(s) with 5000 milliseconds interval)
Build info: version: '4.22.0', revision: 'c5f3146703*'
System info: os.name: 'Windows 11', os.arch: 'amd64', os.version: '10.0', java.version: '17.0.10'
Driver info: driver.version: unknown
at org.openqa.selenium.support.ui.FluentWait.timeoutException(FluentWait.java:265)
at org.openqa.selenium.support.ui.FluentWait.until(FluentWait.java:228)
at com.tests.A_ZScrapedRecipesLFV.waitForElementToBeClickable(A_ZScrapedRecipesLFV.java:76)
at com.tests.A_ZScrapedRecipesLFV.clickAlphabetLink(A_ZScrapedRecipesLFV.java:57)
at java.base/jdk.internal.reflect.NativeMethodAccessorImpl.invoke0(Native Method)
at java.base/jdk.internal.reflect.NativeMethodAccessorImpl.invoke(NativeMethodAccessorImpl.java:77)
at java.base/jdk.internal.reflect.DelegatingMethodAccessorImpl.invoke(DelegatingMethodAccessorImpl.java:43)
at java.base/java.lang.reflect.Method.invoke(Method.java:568)
at org.testng.internal.invokers.MethodInvocationHelper.invokeMethod(MethodInvocationHelper.java:141)
at org.testng.internal.invokers.TestInvoker.invokeMethod(TestInvoker.java:686)
at org.testng.internal.invokers.TestInvoker.invokeTestMethod(TestInvoker.java:230)
at org.testng.internal.invokers.TestMethodWithDataProviderMethodWorker.call(TestMethodWithDataProviderMethodWorker.java:81)
at org.testng.internal.thread.Async$AsyncTask.run(Async.java:34)
at java.base/java.util.concurrent.ThreadPoolExecutor.runWorker(ThreadPoolExecutor.java:1136)
at java.base/java.util.concurrent.ThreadPoolExecutor$Worker.run(ThreadPoolExecutor.java:635)
at java.base/java.lang.Thread.run(Thread.java:840)
]]>
            </full-stacktrace>
          </exception> <!-- org.openqa.selenium.TimeoutException -->
          <reporter-output>
          </reporter-output>
        </test-method> <!-- clickAlphabetLink -->
        <test-method signature="clickAlphabetLink(java.lang.String)[pri:0, instance:com.tests.A_ZScrapedRecipesLFV@5745ca0e]" started-at="2024-12-22T18:08:36 EST" name="clickAlphabetLink" data-provider="alphabetDataProvider" finished-at="2024-12-22T18:09:08 EST" duration-ms="32337" status="FAIL">
          <params>
            <param index="0">
              <value>
                <![CDATA[P]]>
              </value>
            </param>
          </params>
          <exception class="org.openqa.selenium.TimeoutException">
            <message>
              <![CDATA[Expected condition failed: waiting for element to be clickable: By.xpath: //a[text()='P'] (tried for 30 second(s) with 5000 milliseconds interval)
Build info: version: '4.22.0', revision: 'c5f3146703*'
System info: os.name: 'Windows 11', os.arch: 'amd64', os.version: '10.0', java.version: '17.0.10'
Driver info: driver.version: unknown]]>
            </message>
            <full-stacktrace>
              <![CDATA[org.openqa.selenium.TimeoutException: Expected condition failed: waiting for element to be clickable: By.xpath: //a[text()='P'] (tried for 30 second(s) with 5000 milliseconds interval)
Build info: version: '4.22.0', revision: 'c5f3146703*'
System info: os.name: 'Windows 11', os.arch: 'amd64', os.version: '10.0', java.version: '17.0.10'
Driver info: driver.version: unknown
at org.openqa.selenium.support.ui.FluentWait.timeoutException(FluentWait.java:265)
at org.openqa.selenium.support.ui.FluentWait.until(FluentWait.java:228)
at com.tests.A_ZScrapedRecipesLFV.waitForElementToBeClickable(A_ZScrapedRecipesLFV.java:76)
at com.tests.A_ZScrapedRecipesLFV.clickAlphabetLink(A_ZScrapedRecipesLFV.java:57)
at java.base/jdk.internal.reflect.NativeMethodAccessorImpl.invoke0(Native Method)
at java.base/jdk.internal.reflect.NativeMethodAccessorImpl.invoke(NativeMethodAccessorImpl.java:77)
at java.base/jdk.internal.reflect.DelegatingMethodAccessorImpl.invoke(DelegatingMethodAccessorImpl.java:43)
at java.base/java.lang.reflect.Method.invoke(Method.java:568)
at org.testng.internal.invokers.MethodInvocationHelper.invokeMethod(MethodInvocationHelper.java:141)
at org.testng.internal.invokers.TestInvoker.invokeMethod(TestInvoker.java:686)
at org.testng.internal.invokers.TestInvoker.invokeTestMethod(TestInvoker.java:230)
at org.testng.internal.invokers.TestMethodWithDataProviderMethodWorker.call(TestMethodWithDataProviderMethodWorker.java:81)
at org.testng.internal.thread.Async$AsyncTask.run(Async.java:34)
at java.base/java.util.concurrent.ThreadPoolExecutor.runWorker(ThreadPoolExecutor.java:1136)
at java.base/java.util.concurrent.ThreadPoolExecutor$Worker.run(ThreadPoolExecutor.java:635)
at java.base/java.lang.Thread.run(Thread.java:840)
]]>
            </full-stacktrace>
          </exception> <!-- org.openqa.selenium.TimeoutException -->
          <reporter-output>
          </reporter-output>
        </test-method> <!-- clickAlphabetLink -->
        <test-method signature="clickAlphabetLink(java.lang.String)[pri:0, instance:com.tests.A_ZScrapedRecipesLFV@5745ca0e]" started-at="2024-12-22T18:09:08 EST" name="clickAlphabetLink" data-provider="alphabetDataProvider" finished-at="2024-12-22T18:09:39 EST" duration-ms="30443" status="FAIL">
          <params>
            <param index="0">
              <value>
                <![CDATA[Q]]>
              </value>
            </param>
          </params>
          <exception class="org.openqa.selenium.TimeoutException">
            <message>
              <![CDATA[Expected condition failed: waiting for element to be clickable: By.xpath: //a[text()='Q'] (tried for 30 second(s) with 5000 milliseconds interval)
Build info: version: '4.22.0', revision: 'c5f3146703*'
System info: os.name: 'Windows 11', os.arch: 'amd64', os.version: '10.0', java.version: '17.0.10'
Driver info: driver.version: unknown]]>
            </message>
            <full-stacktrace>
              <![CDATA[org.openqa.selenium.TimeoutException: Expected condition failed: waiting for element to be clickable: By.xpath: //a[text()='Q'] (tried for 30 second(s) with 5000 milliseconds interval)
Build info: version: '4.22.0', revision: 'c5f3146703*'
System info: os.name: 'Windows 11', os.arch: 'amd64', os.version: '10.0', java.version: '17.0.10'
Driver info: driver.version: unknown
at org.openqa.selenium.support.ui.FluentWait.timeoutException(FluentWait.java:265)
at org.openqa.selenium.support.ui.FluentWait.until(FluentWait.java:228)
at com.tests.A_ZScrapedRecipesLFV.waitForElementToBeClickable(A_ZScrapedRecipesLFV.java:76)
at com.tests.A_ZScrapedRecipesLFV.clickAlphabetLink(A_ZScrapedRecipesLFV.java:57)
at jdk.internal.reflect.GeneratedMethodAccessor3.invoke(Unknown Source)
at java.base/jdk.internal.reflect.DelegatingMethodAccessorImpl.invoke(DelegatingMethodAccessorImpl.java:43)
at java.base/java.lang.reflect.Method.invoke(Method.java:568)
at org.testng.internal.invokers.MethodInvocationHelper.invokeMethod(MethodInvocationHelper.java:141)
at org.testng.internal.invokers.TestInvoker.invokeMethod(TestInvoker.java:686)
at org.testng.internal.invokers.TestInvoker.invokeTestMethod(TestInvoker.java:230)
at org.testng.internal.invokers.TestMethodWithDataProviderMethodWorker.call(TestMethodWithDataProviderMethodWorker.java:81)
at org.testng.internal.thread.Async$AsyncTask.run(Async.java:34)
at java.base/java.util.concurrent.ThreadPoolExecutor.runWorker(ThreadPoolExecutor.java:1136)
at java.base/java.util.concurrent.ThreadPoolExecutor$Worker.run(ThreadPoolExecutor.java:635)
at java.base/java.lang.Thread.run(Thread.java:840)
]]>
            </full-stacktrace>
          </exception> <!-- org.openqa.selenium.TimeoutException -->
          <reporter-output>
          </reporter-output>
        </test-method> <!-- clickAlphabetLink -->
        <test-method signature="clickAlphabetLink(java.lang.String)[pri:0, instance:com.tests.A_ZScrapedRecipesLFV@5745ca0e]" started-at="2024-12-22T18:09:36 EST" name="clickAlphabetLink" data-provider="alphabetDataProvider" finished-at="2024-12-22T18:10:07 EST" duration-ms="31530" status="FAIL">
          <params>
            <param index="0">
              <value>
                <![CDATA[R]]>
              </value>
            </param>
          </params>
          <exception class="org.openqa.selenium.TimeoutException">
            <message>
              <![CDATA[Expected condition failed: waiting for element to be clickable: By.xpath: //a[text()='R'] (tried for 30 second(s) with 5000 milliseconds interval)
Build info: version: '4.22.0', revision: 'c5f3146703*'
System info: os.name: 'Windows 11', os.arch: 'amd64', os.version: '10.0', java.version: '17.0.10'
Driver info: driver.version: unknown]]>
            </message>
            <full-stacktrace>
              <![CDATA[org.openqa.selenium.TimeoutException: Expected condition failed: waiting for element to be clickable: By.xpath: //a[text()='R'] (tried for 30 second(s) with 5000 milliseconds interval)
Build info: version: '4.22.0', revision: 'c5f3146703*'
System info: os.name: 'Windows 11', os.arch: 'amd64', os.version: '10.0', java.version: '17.0.10'
Driver info: driver.version: unknown
at org.openqa.selenium.support.ui.FluentWait.timeoutException(FluentWait.java:265)
at org.openqa.selenium.support.ui.FluentWait.until(FluentWait.java:228)
at com.tests.A_ZScrapedRecipesLFV.waitForElementToBeClickable(A_ZScrapedRecipesLFV.java:76)
at com.tests.A_ZScrapedRecipesLFV.clickAlphabetLink(A_ZScrapedRecipesLFV.java:57)
at jdk.internal.reflect.GeneratedMethodAccessor3.invoke(Unknown Source)
at java.base/jdk.internal.reflect.DelegatingMethodAccessorImpl.invoke(DelegatingMethodAccessorImpl.java:43)
at java.base/java.lang.reflect.Method.invoke(Method.java:568)
at org.testng.internal.invokers.MethodInvocationHelper.invokeMethod(MethodInvocationHelper.java:141)
at org.testng.internal.invokers.TestInvoker.invokeMethod(TestInvoker.java:686)
at org.testng.internal.invokers.TestInvoker.invokeTestMethod(TestInvoker.java:230)
at org.testng.internal.invokers.TestMethodWithDataProviderMethodWorker.call(TestMethodWithDataProviderMethodWorker.java:81)
at org.testng.internal.thread.Async$AsyncTask.run(Async.java:34)
at java.base/java.util.concurrent.ThreadPoolExecutor.runWorker(ThreadPoolExecutor.java:1136)
at java.base/java.util.concurrent.ThreadPoolExecutor$Worker.run(ThreadPoolExecutor.java:635)
at java.base/java.lang.Thread.run(Thread.java:840)
]]>
            </full-stacktrace>
          </exception> <!-- org.openqa.selenium.TimeoutException -->
          <reporter-output>
          </reporter-output>
        </test-method> <!-- clickAlphabetLink -->
        <test-method signature="clickAlphabetLink(java.lang.String)[pri:0, instance:com.tests.A_ZScrapedRecipesLFV@5745ca0e]" started-at="2024-12-22T18:09:39 EST" name="clickAlphabetLink" data-provider="alphabetDataProvider" finished-at="2024-12-22T18:10:11 EST" duration-ms="31898" status="FAIL">
          <params>
            <param index="0">
              <value>
                <![CDATA[S]]>
              </value>
            </param>
          </params>
          <exception class="org.openqa.selenium.TimeoutException">
            <message>
              <![CDATA[Expected condition failed: waiting for element to be clickable: By.xpath: //a[text()='S'] (tried for 30 second(s) with 5000 milliseconds interval)
Build info: version: '4.22.0', revision: 'c5f3146703*'
System info: os.name: 'Windows 11', os.arch: 'amd64', os.version: '10.0', java.version: '17.0.10'
Driver info: driver.version: unknown]]>
            </message>
            <full-stacktrace>
              <![CDATA[org.openqa.selenium.TimeoutException: Expected condition failed: waiting for element to be clickable: By.xpath: //a[text()='S'] (tried for 30 second(s) with 5000 milliseconds interval)
Build info: version: '4.22.0', revision: 'c5f3146703*'
System info: os.name: 'Windows 11', os.arch: 'amd64', os.version: '10.0', java.version: '17.0.10'
Driver info: driver.version: unknown
at org.openqa.selenium.support.ui.FluentWait.timeoutException(FluentWait.java:265)
at org.openqa.selenium.support.ui.FluentWait.until(FluentWait.java:228)
at com.tests.A_ZScrapedRecipesLFV.waitForElementToBeClickable(A_ZScrapedRecipesLFV.java:76)
at com.tests.A_ZScrapedRecipesLFV.clickAlphabetLink(A_ZScrapedRecipesLFV.java:57)
at jdk.internal.reflect.GeneratedMethodAccessor3.invoke(Unknown Source)
at java.base/jdk.internal.reflect.DelegatingMethodAccessorImpl.invoke(DelegatingMethodAccessorImpl.java:43)
at java.base/java.lang.reflect.Method.invoke(Method.java:568)
at org.testng.internal.invokers.MethodInvocationHelper.invokeMethod(MethodInvocationHelper.java:141)
at org.testng.internal.invokers.TestInvoker.invokeMethod(TestInvoker.java:686)
at org.testng.internal.invokers.TestInvoker.invokeTestMethod(TestInvoker.java:230)
at org.testng.internal.invokers.TestMethodWithDataProviderMethodWorker.call(TestMethodWithDataProviderMethodWorker.java:81)
at org.testng.internal.thread.Async$AsyncTask.run(Async.java:34)
at java.base/java.util.concurrent.ThreadPoolExecutor.runWorker(ThreadPoolExecutor.java:1136)
at java.base/java.util.concurrent.ThreadPoolExecutor$Worker.run(ThreadPoolExecutor.java:635)
at java.base/java.lang.Thread.run(Thread.java:840)
]]>
            </full-stacktrace>
          </exception> <!-- org.openqa.selenium.TimeoutException -->
          <reporter-output>
          </reporter-output>
        </test-method> <!-- clickAlphabetLink -->
      </class> <!-- com.tests.A_ZScrapedRecipesLFV -->
    </test> <!-- Default test -->
  </suite> <!-- Default suite -->
</testng-results>
